
> kanban-component@0.1.0 build-storybook
> storybook build --output-dir=C:\Users\patha\AppData\Local\Temp\chromatic--8620-49q1kvj01A6w

[1m@storybook/core v8.6.14
[22m
info => Cleaning outputDir: [36mC:\Users\patha\AppData\Local\Temp\chromatic--8620-49q1kvj01A6w[39m
info => Loading presets
info => Building manager..
info => Manager built ([38;2;181;126;229m109 ms[39m)
info => Building preview..
info Using tsconfig paths for react-docgen
[36mvite v7.1.12 [32mbuilding for production...[36m[39m
transforming...
[32m✓[39m 115 modules transformed.
rendering chunks...
computing gzip size...
[2mC:/Users/patha/AppData/Local/Temp/chromatic--8620-49q1kvj01A6w/[22m[32miframe.html                               [39m[1m[2m 17.57 kB[22m[1m[22m[2m │ gzip:   4.97 kB[22m
[2mC:/Users/patha/AppData/Local/Temp/chromatic--8620-49q1kvj01A6w/[22m[35massets/preview-6PSiBsn7.css               [39m[1m[2m  0.08 kB[22m[1m[22m[2m │ gzip:   0.09 kB[22m
[2mC:/Users/patha/AppData/Local/Temp/chromatic--8620-49q1kvj01A6w/[22m[36massets/_commonjsHelpers-CqkleIqs.js       [39m[1m[2m  0.12 kB[22m[1m[22m[2m │ gzip:   0.13 kB[22m
[2mC:/Users/patha/AppData/Local/Temp/chromatic--8620-49q1kvj01A6w/[22m[36massets/preview-DaUZ_bD7.js                [39m[1m[2m  0.15 kB[22m[1m[22m[2m │ gzip:   0.15 kB[22m
[2mC:/Users/patha/AppData/Local/Temp/chromatic--8620-49q1kvj01A6w/[22m[36massets/preview-DlXb2_B1.js                [39m[1m[2m  0.16 kB[22m[1m[22m[2m │ gzip:   0.16 kB[22m
[2mC:/Users/patha/AppData/Local/Temp/chromatic--8620-49q1kvj01A6w/[22m[36massets/preview-TqM3Oi8H.js                [39m[1m[2m  0.17 kB[22m[1m[22m[2m │ gzip:   0.15 kB[22m
[2mC:/Users/patha/AppData/Local/Temp/chromatic--8620-49q1kvj01A6w/[22m[36massets/index-BhEa9loT.js                  [39m[1m[2m  0.46 kB[22m[1m[22m[2m │ gzip:   0.30 kB[22m
[2mC:/Users/patha/AppData/Local/Temp/chromatic--8620-49q1kvj01A6w/[22m[36massets/preview-caVMbCIR.js                [39m[1m[2m  0.69 kB[22m[1m[22m[2m │ gzip:   0.48 kB[22m
[2mC:/Users/patha/AppData/Local/Temp/chromatic--8620-49q1kvj01A6w/[22m[36massets/chunk-XP5HYGXS-BpfKkqn7.js         [39m[1m[2m  0.71 kB[22m[1m[22m[2m │ gzip:   0.40 kB[22m
[2mC:/Users/patha/AppData/Local/Temp/chromatic--8620-49q1kvj01A6w/[22m[36massets/index-DrFu-skq.js                  [39m[1m[2m  0.77 kB[22m[1m[22m[2m │ gzip:   0.47 kB[22m
[2mC:/Users/patha/AppData/Local/Temp/chromatic--8620-49q1kvj01A6w/[22m[36massets/preview-fBfCAqqU.js                [39m[1m[2m  0.90 kB[22m[1m[22m[2m │ gzip:   0.58 kB[22m
[2mC:/Users/patha/AppData/Local/Temp/chromatic--8620-49q1kvj01A6w/[22m[36massets/react-18-CgOT8jNJ.js               [39m[1m[2m  0.93 kB[22m[1m[22m[2m │ gzip:   0.53 kB[22m
[2mC:/Users/patha/AppData/Local/Temp/chromatic--8620-49q1kvj01A6w/[22m[36massets/jsx-runtime-BIduicIm.js            [39m[1m[2m  1.00 kB[22m[1m[22m[2m │ gzip:   0.62 kB[22m
[2mC:/Users/patha/AppData/Local/Temp/chromatic--8620-49q1kvj01A6w/[22m[36massets/preview-ChqQhkMN.js                [39m[1m[2m  2.10 kB[22m[1m[22m[2m │ gzip:   1.18 kB[22m
[2mC:/Users/patha/AppData/Local/Temp/chromatic--8620-49q1kvj01A6w/[22m[36massets/preview-WIE65ICp.js                [39m[1m[2m  3.40 kB[22m[1m[22m[2m │ gzip:   1.65 kB[22m
[2mC:/Users/patha/AppData/Local/Temp/chromatic--8620-49q1kvj01A6w/[22m[36massets/preview-DGZ5Qq08.js                [39m[1m[2m  4.87 kB[22m[1m[22m[2m │ gzip:   1.79 kB[22m
[2mC:/Users/patha/AppData/Local/Temp/chromatic--8620-49q1kvj01A6w/[22m[36massets/index-D9C2W64m.js                  [39m[1m[2m  7.28 kB[22m[1m[22m[2m │ gzip:   2.97 kB[22m
[2mC:/Users/patha/AppData/Local/Temp/chromatic--8620-49q1kvj01A6w/[22m[36massets/preview-BWzBA1C2.js                [39m[1m[2m  7.62 kB[22m[1m[22m[2m │ gzip:   1.56 kB[22m
[2mC:/Users/patha/AppData/Local/Temp/chromatic--8620-49q1kvj01A6w/[22m[36massets/preview-DTyQTpzx.js                [39m[1m[2m  8.07 kB[22m[1m[22m[2m │ gzip:   3.07 kB[22m
[2mC:/Users/patha/AppData/Local/Temp/chromatic--8620-49q1kvj01A6w/[22m[36massets/test-utils-BEXjXx9Q.js             [39m[1m[2m 13.09 kB[22m[1m[22m[2m │ gzip:   5.11 kB[22m
[2mC:/Users/patha/AppData/Local/Temp/chromatic--8620-49q1kvj01A6w/[22m[36massets/KanbanBoard.stories-Wgz16dNQ.js    [39m[1m[2m 17.27 kB[22m[1m[22m[2m │ gzip:   4.79 kB[22m
[2mC:/Users/patha/AppData/Local/Temp/chromatic--8620-49q1kvj01A6w/[22m[36massets/Color-YHDXOIA2-BPI1_8qK.js         [39m[1m[2m 29.23 kB[22m[1m[22m[2m │ gzip:  11.04 kB[22m
[2mC:/Users/patha/AppData/Local/Temp/chromatic--8620-49q1kvj01A6w/[22m[36massets/matchers-7Z3WT2CE-CcSi9QFY.js      [39m[1m[2m 29.66 kB[22m[1m[22m[2m │ gzip:  10.29 kB[22m
[2mC:/Users/patha/AppData/Local/Temp/chromatic--8620-49q1kvj01A6w/[22m[36massets/entry-preview-DAWAqeEn.js          [39m[1m[2m 29.69 kB[22m[1m[22m[2m │ gzip:   9.51 kB[22m
[2mC:/Users/patha/AppData/Local/Temp/chromatic--8620-49q1kvj01A6w/[22m[36massets/index-BfFTulA3.js                  [39m[1m[2m 56.84 kB[22m[1m[22m[2m │ gzip:  16.20 kB[22m
[2mC:/Users/patha/AppData/Local/Temp/chromatic--8620-49q1kvj01A6w/[22m[36massets/index-yDdEZ5Xz.js                  [39m[1m[2m134.65 kB[22m[1m[22m[2m │ gzip:  43.22 kB[22m
[2mC:/Users/patha/AppData/Local/Temp/chromatic--8620-49q1kvj01A6w/[22m[36massets/iframe-Bvm0oToQ.js                 [39m[1m[2m209.86 kB[22m[1m[22m[2m │ gzip:  71.17 kB[22m
[2mC:/Users/patha/AppData/Local/Temp/chromatic--8620-49q1kvj01A6w/[22m[36massets/entry-preview-docs-Dwo0UHzr.js     [39m[1m[2m246.79 kB[22m[1m[22m[2m │ gzip:  73.37 kB[22m
[2mC:/Users/patha/AppData/Local/Temp/chromatic--8620-49q1kvj01A6w/[22m[36massets/axe-DnPaZI02.js                    [39m[1m[33m578.74 kB[39m[22m[2m │ gzip: 159.48 kB[22m
[2mC:/Users/patha/AppData/Local/Temp/chromatic--8620-49q1kvj01A6w/[22m[36massets/index-sHzcaYBZ.js                  [39m[1m[33m659.60 kB[39m[22m[2m │ gzip: 156.17 kB[22m
[2mC:/Users/patha/AppData/Local/Temp/chromatic--8620-49q1kvj01A6w/[22m[36massets/DocsRenderer-CFRXHY34-Cvy8NULf.js  [39m[1m[33m889.97 kB[39m[22m[2m │ gzip: 275.18 kB[22m
[32m✓ built in 3.07s[39m
info => Preview built ([38;2;181;126;229m3.88 s[39m)
info => Output directory: C:\Users\patha\AppData\Local\Temp\chromatic--8620-49q1kvj01A6w
